12:31:32: Creating resource group General
12:31:32: Creating resource group Internal
12:31:32: Creating resource group Autodetect
12:31:32: Registering ResourceManager for type Mesh
12:31:32: Registering ResourceManager for type Material
12:31:32: Registering ResourceManager for type Skeleton
12:31:32: XMLMeshSerializer reading mesh data from C:\Users\clazo\Desktop\Cube.mesh.xml...
12:31:32: Reading geometry...
12:31:32: Geometry done...
12:31:32: Reading submeshes...
12:31:32: Submeshes done.
12:31:32: Reading mesh names...
12:31:32: Mesh names done.
12:31:32: XMLMeshSerializer import successful.
12:31:32: Reorganising vertex buffers to automatic layout..
12:31:32: MeshSerializer writing mesh data to C:\Users\clazo\Desktop\Cube.mesh...
12:31:32: File header written.
12:31:32: Writing mesh data...
12:31:32: Writing submesh...
12:31:32: Exporting submesh texture aliases...
12:31:32: Submesh texture aliases exported.
12:31:32: Submesh exported.
12:31:32: Exporting bounds information....
12:31:32: Bounds information exported.
12:31:32: Exporting submesh name table...
12:31:32: Submesh name table exported.
12:31:32: Mesh data exported.
12:31:32: MeshSerializer export successful.
12:31:32: Unregistering ResourceManager for type Skeleton
12:31:32: Unregistering ResourceManager for type Material
12:31:32: Unregistering ResourceManager for type Mesh
