12:05:04: Creating resource group General
12:05:04: Creating resource group Internal
12:05:04: Creating resource group Autodetect
12:05:04: Registering ResourceManager for type Mesh
12:05:04: Registering ResourceManager for type Material
12:05:04: Registering ResourceManager for type Skeleton
12:05:04: XMLMeshSerializer reading mesh data from C:\Users\clazo\Desktop\Cube.mesh.xml...
12:05:04: Reading geometry...
12:05:04: Geometry done...
12:05:04: Reading submeshes...
12:05:04: Submeshes done.
12:05:04: Reading mesh names...
12:05:04: Mesh names done.
12:05:04: XMLMeshSerializer import successful.
12:05:04: Reorganising vertex buffers to automatic layout..
12:05:04: MeshSerializer writing mesh data to C:\Users\clazo\Desktop\Cube.mesh...
12:05:04: File header written.
12:05:04: Writing mesh data...
12:05:04: Writing submesh...
12:05:04: Exporting submesh texture aliases...
12:05:04: Submesh texture aliases exported.
12:05:04: Submesh exported.
12:05:04: Exporting bounds information....
12:05:04: Bounds information exported.
12:05:04: Exporting submesh name table...
12:05:04: Submesh name table exported.
12:05:04: Mesh data exported.
12:05:04: MeshSerializer export successful.
12:05:04: Unregistering ResourceManager for type Skeleton
12:05:04: Unregistering ResourceManager for type Material
12:05:04: Unregistering ResourceManager for type Mesh
